# JRE version: Java(TM) SE Runtime Environment (8.0_45-b14) (build 1.8.0_45-b14)
# Java VM: Java HotSpot(TM) 64-Bit Server VM (25.45-b02 mixed mode bsd-amd64 compressed oops)
Heap:
 PSYoungGen      total 142336K, used 10235K [0x0000000795580000, 0x000000079f480000, 0x00000007c0000000)
  eden space 132096K, 0% used [0x0000000795580000,0x0000000795580000,0x000000079d680000)
  from space 10240K, 99% used [0x000000079d680000,0x000000079e07edc0,0x000000079e080000)
  to   space 14848K, 0% used [0x000000079e600000,0x000000079e600000,0x000000079f480000)
 ParOldGen       total 87552K, used 16180K [0x0000000740000000, 0x0000000745580000, 0x0000000795580000)
  object space 87552K, 18% used [0x0000000740000000,0x0000000740fcd040,0x0000000745580000)
 Metaspace       used 20349K, capacity 20696K, committed 20736K, reserved 1067008K
  class space    used 2426K, capacity 2541K, committed 2560K, reserved 1048576K
GC Heap History (10 events):
Event: 2.307 GC heap after
Heap after GC invocations=3 (full 0):
 PSYoungGen      total 38400K, used 5104K [0x0000000795580000, 0x000000079a080000, 0x00000007c0000000)
  eden space 33280K, 0% used [0x0000000795580000,0x0000000795580000,0x0000000797600000)
  from space 5120K, 99% used [0x0000000797600000,0x0000000797afc010,0x0000000797b00000)
  to   space 5120K, 0% used [0x0000000799b80000,0x0000000799b80000,0x000000079a080000)
 ParOldGen       total 87552K, used 4343K [0x0000000740000000, 0x0000000745580000, 0x0000000795580000)
  object space 87552K, 4% used [0x0000000740000000,0x000000074043dfa0,0x0000000745580000)
 Metaspace       used 13624K, capacity 13836K, committed 14080K, reserved 1060864K
  class space    used 1639K, capacity 1751K, committed 1792K, reserved 1048576K
}
Event: 2.520 GC heap before
{Heap before GC invocations=4 (full 0):
 PSYoungGen      total 38400K, used 38384K [0x0000000795580000, 0x000000079a080000, 0x00000007c0000000)
  eden space 33280K, 100% used [0x0000000795580000,0x0000000797600000,0x0000000797600000)
  from space 5120K, 99% used [0x0000000797600000,0x0000000797afc010,0x0000000797b00000)
  to   space 5120K, 0% used [0x0000000799b80000,0x0000000799b80000,0x000000079a080000)
 ParOldGen       total 87552K, used 4343K [0x0000000740000000, 0x0000000745580000, 0x0000000795580000)
  object space 87552K, 4% used [0x0000000740000000,0x000000074043dfa0,0x0000000745580000)
 Metaspace       used 13687K, capacity 13964K, committed 14080K, reserved 1060864K
  class space    used 1642K, capacity 1751K, committed 1792K, reserved 1048576K
Event: 2.533 GC heap after
Heap after GC invocations=4 (full 0):
 PSYoungGen      total 71680K, used 5104K [0x0000000795580000, 0x000000079a080000, 0x00000007c0000000)
  eden space 66560K, 0% used [0x0000000795580000,0x0000000795580000,0x0000000799680000)
  from space 5120K, 99% used [0x0000000799b80000,0x000000079a07c010,0x000000079a080000)
  to   space 5120K, 0% used [0x0000000799680000,0x0000000799680000,0x0000000799b80000)
 ParOldGen       total 87552K, used 5763K [0x0000000740000000, 0x0000000745580000, 0x0000000795580000)
  object space 87552K, 6% used [0x0000000740000000,0x00000007405a0fb0,0x0000000745580000)
 Metaspace       used 13687K, capacity 13964K, committed 14080K, reserved 1060864K
  class space    used 1642K, capacity 1751K, committed 1792K, reserved 1048576K
}
Event: 3.142 GC heap before
{Heap before GC invocations=5 (full 0):
 PSYoungGen      total 71680K, used 71664K [0x0000000795580000, 0x000000079a080000, 0x00000007c0000000)
  eden space 66560K, 100% used [0x0000000795580000,0x0000000799680000,0x0000000799680000)
  from space 5120K, 99% used [0x0000000799b80000,0x000000079a07c010,0x000000079a080000)
  to   space 5120K, 0% used [0x0000000799680000,0x0000000799680000,0x0000000799b80000)
 ParOldGen       total 87552K, used 5763K [0x0000000740000000, 0x0000000745580000, 0x0000000795580000)
  object space 87552K, 6% used [0x0000000740000000,0x00000007405a0fb0,0x0000000745580000)
 Metaspace       used 14040K, capacity 14320K, committed 14592K, reserved 1062912K
  class space    used 1663K, capacity 1757K, committed 1792K, reserved 1048576K
Event: 3.160 GC heap after
Heap after GC invocations=5 (full 0):
 PSYoungGen      total 71680K, used 5104K [0x0000000795580000, 0x000000079e980000, 0x00000007c0000000)
  eden space 66560K, 0% used [0x0000000795580000,0x0000000795580000,0x0000000799680000)
  from space 5120K, 99% used [0x0000000799680000,0x0000000799b7c010,0x0000000799b80000)
  to   space 9216K, 0% used [0x000000079e080000,0x000000079e080000,0x000000079e980000)
 ParOldGen       total 87552K, used 9241K [0x0000000740000000, 0x0000000745580000, 0x0000000795580000)
  object space 87552K, 10% used [0x0000000740000000,0x0000000740906610,0x0000000745580000)
 Metaspace       used 14040K, capacity 14320K, committed 14592K, reserved 1062912K
  class space    used 1663K, capacity 1757K, committed 1792K, reserved 1048576K
}
Event: 4.088 GC heap before
{Heap before GC invocations=6 (full 0):
 PSYoungGen      total 71680K, used 71664K [0x0000000795580000, 0x000000079e980000, 0x00000007c0000000)
  eden space 66560K, 100% used [0x0000000795580000,0x0000000799680000,0x0000000799680000)
  from space 5120K, 99% used [0x0000000799680000,0x0000000799b7c010,0x0000000799b80000)
  to   space 9216K, 0% used [0x000000079e080000,0x000000079e080000,0x000000079e980000)
 ParOldGen       total 87552K, used 9241K [0x0000000740000000, 0x0000000745580000, 0x0000000795580000)
  object space 87552K, 10% used [0x0000000740000000,0x0000000740906610,0x0000000745580000)
 Metaspace       used 18434K, capacity 18840K, committed 19072K, reserved 1067008K
  class space    used 2234K, capacity 2349K, committed 2432K, reserved 1048576K
Event: 4.107 GC heap after
Heap after GC invocations=6 (full 0):
 PSYoungGen      total 141312K, used 8687K [0x0000000795580000, 0x000000079eb80000, 0x00000007c0000000)
  eden space 132096K, 0% used [0x0000000795580000,0x0000000795580000,0x000000079d680000)
  from space 9216K, 94% used [0x000000079e080000,0x000000079e8fbd30,0x000000079e980000)
  to   space 10240K, 0% used [0x000000079d680000,0x000000079d680000,0x000000079e080000)
 ParOldGen       total 87552K, used 9249K [0x0000000740000000, 0x0000000745580000, 0x0000000795580000)
  object space 87552K, 10% used [0x0000000740000000,0x0000000740908610,0x0000000745580000)
 Metaspace       used 18434K, capacity 18840K, committed 19072K, reserved 1067008K
  class space    used 2234K, capacity 2349K, committed 2432K, reserved 1048576K
}
Event: 4.985 GC heap before
{Heap before GC invocations=7 (full 0):
 PSYoungGen      total 141312K, used 53601K [0x0000000795580000, 0x000000079eb80000, 0x00000007c0000000)
  eden space 132096K, 34% used [0x0000000795580000,0x000000079815c9f0,0x000000079d680000)
  from space 9216K, 94% used [0x000000079e080000,0x000000079e8fbd30,0x000000079e980000)
  to   space 10240K, 0% used [0x000000079d680000,0x000000079d680000,0x000000079e080000)
 ParOldGen       total 87552K, used 9249K [0x0000000740000000, 0x0000000745580000, 0x0000000795580000)
  object space 87552K, 10% used [0x0000000740000000,0x0000000740908610,0x0000000745580000)
 Metaspace       used 20349K, capacity 20696K, committed 20736K, reserved 1067008K
  class space    used 2426K, capacity 2541K, committed 2560K, reserved 1048576K
Event: 5.020 GC heap after
Heap after GC invocations=7 (full 0):
 PSYoungGen      total 142336K, used 10235K [0x0000000795580000, 0x000000079f480000, 0x00000007c0000000)
  eden space 132096K, 0% used [0x0000000795580000,0x0000000795580000,0x000000079d680000)
  from space 10240K, 99% used [0x000000079d680000,0x000000079e07edc0,0x000000079e080000)
  to   space 14848K, 0% used [0x000000079e600000,0x000000079e600000,0x000000079f480000)
 ParOldGen       total 87552K, used 16180K [0x0000000740000000, 0x0000000745580000, 0x0000000795580000)
  object space 87552K, 18% used [0x0000000740000000,0x0000000740fcd040,0x0000000745580000)
 Metaspace       used 20349K, capacity 20696K, committed 20736K, reserved 1067008K
  class space    used 2426K, capacity 2541K, committed 2560K, reserved 1048576K
}
Event: 5.020 GC heap before
{Heap before GC invocations=8 (full 1):
 PSYoungGen      total 142336K, used 10235K [0x0000000795580000, 0x000000079f480000, 0x00000007c0000000)
  eden space 132096K, 0% used [0x0000000795580000,0x0000000795580000,0x000000079d680000)
  from space 10240K, 99% used [0x000000079d680000,0x000000079e07edc0,0x000000079e080000)
  to   space 14848K, 0% used [0x000000079e600000,0x000000079e600000,0x000000079f480000)
 ParOldGen       total 87552K, used 16180K [0x0000000740000000, 0x0000000745580000, 0x0000000795580000)
  object space 87552K, 18% used [0x0000000740000000,0x0000000740fcd040,0x0000000745580000)
 Metaspace       used 20349K, capacity 20696K, committed 20736K, reserved 1067008K
  class space    used 2426K, capacity 2541K, committed 2560K, reserved 1048576K

