# JRE version: Java(TM) SE Runtime Environment (8.0_45-b14) (build 1.8.0_45-b14)
# Java VM: Java HotSpot(TM) 64-Bit Server VM (25.45-b02 mixed mode bsd-amd64 compressed oops)
Heap:
 PSYoungGen      total 162816K, used 92491K [0x0000000795580000, 0x00000007a0780000, 0x00000007c0000000)
  eden space 150528K, 54% used [0x0000000795580000,0x000000079a5e0f18,0x000000079e880000)
  from space 12288K, 82% used [0x000000079f580000,0x000000079ff72050,0x00000007a0180000)
  to   space 13312K, 0% used [0x000000079e880000,0x000000079e880000,0x000000079f580000)
 ParOldGen       total 97792K, used 21769K [0x0000000740000000, 0x0000000745f80000, 0x0000000795580000)
  object space 97792K, 22% used [0x0000000740000000,0x0000000741542670,0x0000000745f80000)
 Metaspace       used 52999K, capacity 53404K, committed 53888K, reserved 1095680K
  class space    used 6873K, capacity 7000K, committed 7040K, reserved 1048576K
GC Heap History (10 events):
Event: 24.228 GC heap before
{Heap before GC invocations=14 (full 1):
 PSYoungGen      total 104960K, used 55070K [0x0000000795580000, 0x000000079c800000, 0x00000007c0000000)
  eden space 95744K, 54% used [0x0000000795580000,0x000000079883e600,0x000000079b300000)
  from space 9216K, 33% used [0x000000079bf00000,0x000000079c209520,0x000000079c800000)
  to   space 10752K, 0% used [0x000000079b300000,0x000000079b300000,0x000000079bd80000)
 ParOldGen       total 54784K, used 18523K [0x0000000740000000, 0x0000000743580000, 0x0000000795580000)
  object space 54784K, 33% used [0x0000000740000000,0x0000000741216fc8,0x0000000743580000)
 Metaspace       used 34785K, capacity 35106K, committed 35496K, reserved 1081344K
  class space    used 4406K, capacity 4516K, committed 4608K, reserved 1048576K
Event: 24.248 GC heap after
Heap after GC invocations=14 (full 1):
 PSYoungGen      total 106496K, used 3693K [0x0000000795580000, 0x000000079e900000, 0x00000007c0000000)
  eden space 95744K, 0% used [0x0000000795580000,0x0000000795580000,0x000000079b300000)
  from space 10752K, 34% used [0x000000079b300000,0x000000079b69b5b0,0x000000079bd80000)
  to   space 10240K, 0% used [0x000000079df00000,0x000000079df00000,0x000000079e900000)
 ParOldGen       total 54784K, used 20567K [0x0000000740000000, 0x0000000743580000, 0x0000000795580000)
  object space 54784K, 37% used [0x0000000740000000,0x0000000741415fe8,0x0000000743580000)
 Metaspace       used 34785K, capacity 35106K, committed 35496K, reserved 1081344K
  class space    used 4406K, capacity 4516K, committed 4608K, reserved 1048576K
}
Event: 24.248 GC heap before
{Heap before GC invocations=15 (full 2):
 PSYoungGen      total 106496K, used 3693K [0x0000000795580000, 0x000000079e900000, 0x00000007c0000000)
  eden space 95744K, 0% used [0x0000000795580000,0x0000000795580000,0x000000079b300000)
  from space 10752K, 34% used [0x000000079b300000,0x000000079b69b5b0,0x000000079bd80000)
  to   space 10240K, 0% used [0x000000079df00000,0x000000079df00000,0x000000079e900000)
 ParOldGen       total 54784K, used 20567K [0x0000000740000000, 0x0000000743580000, 0x0000000795580000)
  object space 54784K, 37% used [0x0000000740000000,0x0000000741415fe8,0x0000000743580000)
 Metaspace       used 34785K, capacity 35106K, committed 35496K, reserved 1081344K
  class space    used 4406K, capacity 4516K, committed 4608K, reserved 1048576K
Event: 24.590 GC heap after
Heap after GC invocations=15 (full 2):
 PSYoungGen      total 106496K, used 0K [0x0000000795580000, 0x000000079e900000, 0x00000007c0000000)
  eden space 95744K, 0% used [0x0000000795580000,0x0000000795580000,0x000000079b300000)
  from space 10752K, 0% used [0x000000079b300000,0x000000079b300000,0x000000079bd80000)
  to   space 10240K, 0% used [0x000000079df00000,0x000000079df00000,0x000000079e900000)
 ParOldGen       total 97792K, used 21753K [0x0000000740000000, 0x0000000745f80000, 0x0000000795580000)
  object space 97792K, 22% used [0x0000000740000000,0x000000074153e670,0x0000000745f80000)
 Metaspace       used 34785K, capacity 35106K, committed 35496K, reserved 1081344K
  class space    used 4406K, capacity 4516K, committed 4608K, reserved 1048576K
}
Event: 28.382 GC heap before
{Heap before GC invocations=16 (full 2):
 PSYoungGen      total 106496K, used 95744K [0x0000000795580000, 0x000000079e900000, 0x00000007c0000000)
  eden space 95744K, 100% used [0x0000000795580000,0x000000079b300000,0x000000079b300000)
  from space 10752K, 0% used [0x000000079b300000,0x000000079b300000,0x000000079bd80000)
  to   space 10240K, 0% used [0x000000079df00000,0x000000079df00000,0x000000079e900000)
 ParOldGen       total 97792K, used 21753K [0x0000000740000000, 0x0000000745f80000, 0x0000000795580000)
  object space 97792K, 22% used [0x0000000740000000,0x000000074153e670,0x0000000745f80000)
 Metaspace       used 43476K, capacity 43822K, committed 44288K, reserved 1087488K
  class space    used 5676K, capacity 5798K, committed 5888K, reserved 1048576K
Event: 28.456 GC heap after
Heap after GC invocations=16 (full 2):
 PSYoungGen      total 132096K, used 10089K [0x0000000795580000, 0x000000079e900000, 0x00000007c0000000)
  eden space 121856K, 0% used [0x0000000795580000,0x0000000795580000,0x000000079cc80000)
  from space 10240K, 98% used [0x000000079df00000,0x000000079e8da4d8,0x000000079e900000)
  to   space 11776K, 0% used [0x000000079d200000,0x000000079d200000,0x000000079dd80000)
 ParOldGen       total 97792K, used 21761K [0x0000000740000000, 0x0000000745f80000, 0x0000000795580000)
  object space 97792K, 22% used [0x0000000740000000,0x0000000741540670,0x0000000745f80000)
 Metaspace       used 43476K, capacity 43822K, committed 44288K, reserved 1087488K
  class space    used 5676K, capacity 5798K, committed 5888K, reserved 1048576K
}
Event: 34.449 GC heap before
{Heap before GC invocations=17 (full 2):
 PSYoungGen      total 132096K, used 131945K [0x0000000795580000, 0x000000079e900000, 0x00000007c0000000)
  eden space 121856K, 100% used [0x0000000795580000,0x000000079cc80000,0x000000079cc80000)
  from space 10240K, 98% used [0x000000079df00000,0x000000079e8da4d8,0x000000079e900000)
  to   space 11776K, 0% used [0x000000079d200000,0x000000079d200000,0x000000079dd80000)
 ParOldGen       total 97792K, used 21761K [0x0000000740000000, 0x0000000745f80000, 0x0000000795580000)
  object space 97792K, 22% used [0x0000000740000000,0x0000000741540670,0x0000000745f80000)
 Metaspace       used 45942K, capacity 46278K, committed 46592K, reserved 1089536K
  class space    used 6031K, capacity 6122K, committed 6144K, reserved 1048576K
Event: 34.482 GC heap after
Heap after GC invocations=17 (full 2):
 PSYoungGen      total 139264K, used 8346K [0x0000000795580000, 0x00000007a0180000, 0x00000007c0000000)
  eden space 127488K, 0% used [0x0000000795580000,0x0000000795580000,0x000000079d200000)
  from space 11776K, 70% used [0x000000079d200000,0x000000079da26908,0x000000079dd80000)
  to   space 12288K, 0% used [0x000000079f580000,0x000000079f580000,0x00000007a0180000)
 ParOldGen       total 97792K, used 21769K [0x0000000740000000, 0x0000000745f80000, 0x0000000795580000)
  object space 97792K, 22% used [0x0000000740000000,0x0000000741542670,0x0000000745f80000)
 Metaspace       used 45942K, capacity 46278K, committed 46592K, reserved 1089536K
  class space    used 6031K, capacity 6122K, committed 6144K, reserved 1048576K
}
Event: 43.070 GC heap before
{Heap before GC invocations=18 (full 2):
 PSYoungGen      total 139264K, used 135834K [0x0000000795580000, 0x00000007a0180000, 0x00000007c0000000)
  eden space 127488K, 100% used [0x0000000795580000,0x000000079d200000,0x000000079d200000)
  from space 11776K, 70% used [0x000000079d200000,0x000000079da26908,0x000000079dd80000)
  to   space 12288K, 0% used [0x000000079f580000,0x000000079f580000,0x00000007a0180000)
 ParOldGen       total 97792K, used 21769K [0x0000000740000000, 0x0000000745f80000, 0x0000000795580000)
  object space 97792K, 22% used [0x0000000740000000,0x0000000741542670,0x0000000745f80000)
 Metaspace       used 46925K, capacity 47314K, committed 47744K, reserved 1091584K
  class space    used 6159K, capacity 6252K, committed 6272K, reserved 1048576K
Event: 43.109 GC heap after
Heap after GC invocations=18 (full 2):
 PSYoungGen      total 162816K, used 10184K [0x0000000795580000, 0x00000007a0780000, 0x00000007c0000000)
  eden space 150528K, 0% used [0x0000000795580000,0x0000000795580000,0x000000079e880000)
  from space 12288K, 82% used [0x000000079f580000,0x000000079ff72050,0x00000007a0180000)
  to   space 13312K, 0% used [0x000000079e880000,0x000000079e880000,0x000000079f580000)
 ParOldGen       total 97792K, used 21769K [0x0000000740000000, 0x0000000745f80000, 0x0000000795580000)
  object space 97792K, 22% used [0x0000000740000000,0x0000000741542670,0x0000000745f80000)
 Metaspace       used 46925K, capacity 47314K, committed 47744K, reserved 1091584K
  class space    used 6159K, capacity 6252K, committed 6272K, reserved 1048576K
}

